<?xml version="1.0" encoding="UTF-8"?>
<!-- Generated by org.testng.reporters.JUnitReportReporter -->
<testsuite hostname="DESKTOP-2GNJ49D" failures="0" tests="2" name="TestNgPraApril.TestNgPraApril.AppTest6" time="0.014" errors="0" timestamp="27 Apr 2022 05:39:48 GMT" skipped="0">
  <testcase classname="TestNgPraApril.TestNgPraApril.AppTest6" name="login" time="0.012"/>
  <testcase classname="TestNgPraApril.TestNgPraApril.AppTest6" name="login1" time="0.002"/>
</testsuite> <!-- TestNgPraApril.TestNgPraApril.AppTest6 -->
