<?xml version="1.0" encoding="UTF-8"?>
<!-- Generated by org.testng.reporters.JUnitReportReporter -->
<testsuite hostname="DESKTOP-2GNJ49D" failures="0" tests="2" name="TestNgPraApril.TestNgPraApril.AppTest1" time="0.023" errors="0" timestamp="2022-05-17T07:54:04 GMT-07:00" skipped="0">
  <testcase classname="TestNgPraApril.TestNgPraApril.AppTest1" name="run" time="0.014"/>
  <system-out/>
  <testcase classname="TestNgPraApril.TestNgPraApril.AppTest1" name="DoUserRegistration" time="0.009"/>
  <system-out/>
</testsuite> <!-- TestNgPraApril.TestNgPraApril.AppTest1 -->
