<?xml version="1.0" encoding="UTF-8"?>
<!-- Generated by org.testng.reporters.JUnitReportReporter -->
<testsuite hostname="DESKTOP-2GNJ49D" failures="0" tests="1" name="TestAPI.sumvalidation" time="0.171" errors="0" timestamp="2022-05-17T07:54:04 GMT-07:00" skipped="0">
  <testcase classname="TestAPI.sumvalidation" name="getSumValidation" time="0.171"/>
  <system-out/>
</testsuite> <!-- TestAPI.sumvalidation -->
