<?xml version="1.0" encoding="UTF-8"?>
<!-- Generated by org.testng.reporters.JUnitReportReporter -->
<testsuite hostname="DESKTOP-2GNJ49D" failures="0" tests="2" name="TestAPI.updatePlace1" time="1.705" errors="0" timestamp="2022-05-17T07:54:04 GMT-07:00" skipped="0">
  <testcase classname="TestAPI.updatePlace1" name="updatePlace11" time="0.838"/>
  <system-out/>
  <testcase classname="TestAPI.updatePlace1" name="updatePlaceWithBlankAddress" time="0.867"/>
  <system-out/>
</testsuite> <!-- TestAPI.updatePlace1 -->
