<?xml version="1.0" encoding="UTF-8"?>
<!-- Generated by org.testng.reporters.JUnitReportReporter -->
<testsuite hostname="DESKTOP-2GNJ49D" failures="0" tests="1" name="HashMap.HashMapData" time="4.537" errors="0" timestamp="2022-06-05T00:19:14 GMT-07:00" skipped="0">
  <testcase classname="HashMap.HashMapData" name="getdata" time="4.537"/>
  <system-out/>
</testsuite> <!-- HashMap.HashMapData -->
