<?xml version="1.0" encoding="UTF-8"?>
<!-- Generated by org.testng.reporters.JUnitReportReporter -->
<testsuite hostname="DESKTOP-2GNJ49D" failures="0" tests="5" name="library.paramaterDP" time="2.581" errors="0" timestamp="2022-05-17T07:54:04 GMT-07:00" skipped="0">
  <testcase classname="library.paramaterDP" name="AddBook1" time="1.365"/>
  <system-out/>
  <testcase classname="library.paramaterDP" name="AddBook1" time="0.292"/>
  <system-out/>
  <testcase classname="library.paramaterDP" name="AddBook1" time="0.323"/>
  <system-out/>
  <testcase classname="library.paramaterDP" name="AddBook1" time="0.299"/>
  <system-out/>
  <testcase classname="library.paramaterDP" name="AddBook1" time="0.302"/>
  <system-out/>
</testsuite> <!-- library.paramaterDP -->
