<?xml version="1.0" encoding="UTF-8"?>
<!-- Generated by org.testng.reporters.JUnitReportReporter -->
<testsuite hostname="DESKTOP-2GNJ49D" failures="0" tests="3" name="library.parameterDataProvider" time="4.546" errors="0" timestamp="2022-05-17T08:13:42 GMT-07:00" skipped="0">
  <testcase classname="library.parameterDataProvider" name="Addbook" time="3.941"/>
  <system-out/>
  <testcase classname="library.parameterDataProvider" name="Addbook" time="0.296"/>
  <system-out/>
  <testcase classname="library.parameterDataProvider" name="Addbook" time="0.309"/>
  <system-out/>
</testsuite> <!-- library.parameterDataProvider -->
