<?xml version="1.0" encoding="UTF-8"?>
<!-- Generated by org.testng.reporters.JUnitReportReporter -->
<testsuite hostname="DESKTOP-2GNJ49D" failures="0" tests="2" name="TestAPI.AddPlace" time="6.662" errors="0" timestamp="2022-06-04T10:01:05 GMT-07:00" skipped="0">
  <testcase classname="TestAPI.AddPlace" name="AddValidation" time="1.636"/>
  <system-out/>
  <testcase classname="TestAPI.AddPlace" name="AddPlace1" time="5.026"/>
  <system-out/>
</testsuite> <!-- TestAPI.AddPlace -->
