<?xml version="1.0" encoding="UTF-8"?>
<!-- Generated by org.testng.reporters.JUnitReportReporter -->
<testsuite hostname="DESKTOP-2GNJ49D" failures="0" tests="1" name="JiraRestAPIS.AddComment" time="1.504" errors="0" timestamp="2022-05-17T07:54:04 GMT-07:00" skipped="0">
  <testcase classname="JiraRestAPIS.AddComment" name="addComment" time="1.504"/>
  <system-out/>
</testsuite> <!-- JiraRestAPIS.AddComment -->
