<?xml version="1.0" encoding="UTF-8"?>
<!-- Generated by org.testng.reporters.JUnitReportReporter -->
<testsuite hostname="DESKTOP-2GNJ49D" failures="0" tests="3" name="TestNgPraApril.TestNgPraApril.AppTest5" time="0.005" errors="0" timestamp="2022-05-17T07:54:04 GMT-07:00" skipped="0">
  <testcase classname="TestNgPraApril.TestNgPraApril.AppTest5" name="login" time="0.001"/>
  <system-out/>
  <testcase classname="TestNgPraApril.TestNgPraApril.AppTest5" name="login" time="0.002"/>
  <system-out/>
  <testcase classname="TestNgPraApril.TestNgPraApril.AppTest5" name="login" time="0.002"/>
  <system-out/>
</testsuite> <!-- TestNgPraApril.TestNgPraApril.AppTest5 -->
