<?xml version="1.0" encoding="UTF-8"?>
<!-- Generated by org.testng.reporters.JUnitReportReporter -->
<testsuite hostname="DESKTOP-2GNJ49D" failures="0" tests="1" name="TestAPI.updatePlace" time="4.517" errors="0" timestamp="06 May 2022 05:58:03 GMT" skipped="0">
  <testcase classname="TestAPI.updatePlace" name="UpdatePlace" time="4.517"/>
</testsuite> <!-- TestAPI.updatePlace -->
