<?xml version="1.0" encoding="UTF-8"?>
<!-- Generated by org.testng.reporters.JUnitReportReporter -->
<testsuite hostname="DESKTOP-2GNJ49D" failures="0" tests="1" name="JiraRestAPIS.CreateIssue1" time="1.453" errors="0" timestamp="2022-05-17T07:54:04 GMT-07:00" skipped="0">
  <testcase classname="JiraRestAPIS.CreateIssue1" name="addComment1" time="1.453"/>
  <system-out/>
</testsuite> <!-- JiraRestAPIS.CreateIssue1 -->
